<?xml version="1.0" encoding="UTF-8"?>
<!-- Generated by org.testng.reporters.JUnitReportReporter -->
<testsuite hostname="DESKTOP-C9T0B5A" failures="0" tests="8" name="parkIQ.testCases.TC_LoginTest_001" time="52.758" errors="0" timestamp="15 Jun 2021 01:41:14 GMT" skipped="0">
  <testcase classname="parkIQ.testCases.TC_LoginTest_001" name="validationTest1" time="38.961"/>
  <testcase classname="parkIQ.testCases.TC_LoginTest_001" name="validationTest2" time="5.359"/>
  <testcase classname="parkIQ.testCases.TC_LoginTest_001" name="validationTest3" time="2.904"/>
  <testcase classname="parkIQ.testCases.TC_LoginTest_001" name="loginDetailsTest1" time="2.661"/>
  <testcase classname="parkIQ.testCases.TC_LoginTest_001" name="loginDetailsTest2" time="0.081"/>
  <testcase classname="parkIQ.testCases.TC_LoginTest_001" name="loginDetailsTest3" time="0.032"/>
  <testcase classname="parkIQ.testCases.TC_LoginTest_001" name="loginDetailsTest4" time="0.630"/>
  <testcase classname="parkIQ.testCases.TC_LoginTest_001" name="loginTest" time="2.130"/>
</testsuite> <!-- parkIQ.testCases.TC_LoginTest_001 -->
