<?xml version="1.0" encoding="UTF-8"?>
<!-- Generated by org.testng.reporters.JUnitReportReporter -->
<testsuite hostname="DESKTOP-C9T0B5A" failures="0" tests="1" name="parkIQ.testCases.TC_ForgotPswrd_001" time="41.546" errors="0" timestamp="30 Jun 2021 22:21:58 GMT" skipped="0">
  <testcase classname="parkIQ.testCases.TC_ForgotPswrd_001" name="checkTitle" time="41.546"/>
</testsuite> <!-- parkIQ.testCases.TC_ForgotPswrd_001 -->
