<?xml version="1.0" encoding="UTF-8"?>
<!-- Generated by org.testng.reporters.JUnitReportReporter -->
<testsuite hostname="DESKTOP-C9T0B5A" failures="0" tests="1" name="parkIQ.testCases.TC_ForgotPaswrdTest_002" time="57.355" errors="0" timestamp="31 May 2021 10:28:34 GMT" skipped="0">
  <testcase classname="parkIQ.testCases.TC_ForgotPaswrdTest_002" name="forgotPaswrd" time="57.355"/>
</testsuite> <!-- parkIQ.testCases.TC_ForgotPaswrdTest_002 -->
