<?xml version="1.0" encoding="UTF-8"?>
<!-- Generated by org.testng.reporters.JUnitReportReporter -->
<testsuite hostname="DESKTOP-C9T0B5A" failures="0" tests="17" name="parkIQ.testCases.TC_CreateNewUser_001" time="45.530" errors="0" timestamp="10 Jun 2021 11:47:33 GMT" skipped="0">
  <testcase classname="parkIQ.testCases.TC_CreateNewUser_001" name="testCreateNewUserLink" time="34.449"/>
  <testcase classname="parkIQ.testCases.TC_CreateNewUser_001" name="testPageTitleDisplayed" time="0.488"/>
  <testcase classname="parkIQ.testCases.TC_CreateNewUser_001" name="testFormTitleDisplayed" time="0.055"/>
  <testcase classname="parkIQ.testCases.TC_CreateNewUser_001" name="testFirstNameFieldDiplayedClickable" time="0.058"/>
  <testcase classname="parkIQ.testCases.TC_CreateNewUser_001" name="testLastNameFieldDiplayedClickable" time="0.046"/>
  <testcase classname="parkIQ.testCases.TC_CreateNewUser_001" name="testEmailFieldDiplayedClickable" time="0.048"/>
  <testcase classname="parkIQ.testCases.TC_CreateNewUser_001" name="testValidEmailAccepted" time="1.963"/>
  <testcase classname="parkIQ.testCases.TC_CreateNewUser_001" name="testInvalidEmailProducesValidationMessage" time="0.188"/>
  <testcase classname="parkIQ.testCases.TC_CreateNewUser_001" name="testPhoneFieldDiplayedClickable" time="0.062"/>
  <testcase classname="parkIQ.testCases.TC_CreateNewUser_001" name="testValidPhoneAccepted" time="0.399"/>
  <testcase classname="parkIQ.testCases.TC_CreateNewUser_001" name="testInvalidPhoneProducesValidationMessage" time="0.193"/>
  <testcase classname="parkIQ.testCases.TC_CreateNewUser_001" name="testCancelButtonDiplayedClickable" time="0.056"/>
  <testcase classname="parkIQ.testCases.TC_CreateNewUser_001" name="testContinueButtonDiplayedClickable" time="3.593"/>
  <testcase classname="parkIQ.testCases.TC_CreateNewUser_001" name="testContinueButtonBackgroundColour" time="0.048"/>
  <testcase classname="parkIQ.testCases.TC_CreateNewUser_001" name="testCancelButtonFunctionality" time="0.161"/>
  <testcase classname="parkIQ.testCases.TC_CreateNewUser_001" name="testContinueButtonIsEnabledWhenFieldsAreFilled" time="3.349"/>
  <testcase classname="parkIQ.testCases.TC_CreateNewUser_001" name="testContinueButtonFunctionality" time="0.374"/>
</testsuite> <!-- parkIQ.testCases.TC_CreateNewUser_001 -->
