<?xml version="1.0" encoding="UTF-8"?>
<!-- Generated by org.testng.reporters.JUnitReportReporter -->
<testsuite hostname="DESKTOP-A0BPQKA" failures="0" tests="1" name="parkIQ.testCases.TC_ForgotPswrd_001" time="33.637" errors="0" timestamp="2021-06-02T15:12:32 FJT" skipped="0">
  <testcase classname="parkIQ.testCases.TC_ForgotPswrd_001" name="forgotPaswrd" time="33.637"/>
  <system-out/>
</testsuite> <!-- parkIQ.testCases.TC_ForgotPswrd_001 -->
