<?xml version="1.0" encoding="UTF-8"?>
<!-- Generated by org.testng.reporters.JUnitReportReporter -->
<testsuite hostname="DESKTOP-C9T0B5A" failures="0" tests="1" name="parkIQ.testCases.TC_SuperUser_004" time="52.881" errors="0" timestamp="07 Jul 2021 10:02:03 GMT" skipped="0">
  <testcase classname="parkIQ.testCases.TC_SuperUser_004" name="assignRoleAndPermission" time="52.881"/>
</testsuite> <!-- parkIQ.testCases.TC_SuperUser_004 -->
