<?xml version="1.0" encoding="UTF-8"?>
<!-- Generated by org.testng.reporters.JUnitReportReporter -->
<testsuite hostname="DESKTOP-C9T0B5A" failures="0" tests="1" name="parkIQ.testCases.TC_ForgotPswrd_003" time="48.002" errors="0" timestamp="03 Jun 2021 03:26:30 GMT" skipped="0">
  <testcase classname="parkIQ.testCases.TC_ForgotPswrd_003" name="forgotPaswrd" time="48.002"/>
</testsuite> <!-- parkIQ.testCases.TC_ForgotPswrd_003 -->
