<?xml version="1.0" encoding="UTF-8"?>
<!-- Generated by org.testng.reporters.JUnitReportReporter -->
<testsuite hostname="DESKTOP-A0BPQKA" failures="0" tests="8" name="parkIQ.testCases.TC_LoginTest_001" time="29.331" errors="0" timestamp="2021-06-15T10:18:47 FJT" skipped="0">
  <testcase classname="parkIQ.testCases.TC_LoginTest_001" name="validationTest1" time="18.435"/>
  <system-out/>
  <testcase classname="parkIQ.testCases.TC_LoginTest_001" name="validationTest2" time="3.735"/>
  <system-out/>
  <testcase classname="parkIQ.testCases.TC_LoginTest_001" name="validationTest3" time="2.818"/>
  <system-out/>
  <testcase classname="parkIQ.testCases.TC_LoginTest_001" name="loginDetailsTest1" time="2.115"/>
  <system-out/>
  <testcase classname="parkIQ.testCases.TC_LoginTest_001" name="loginDetailsTest2" time="0.039"/>
  <system-out/>
  <testcase classname="parkIQ.testCases.TC_LoginTest_001" name="loginDetailsTest3" time="0.023"/>
  <system-out/>
  <testcase classname="parkIQ.testCases.TC_LoginTest_001" name="loginDetailsTest4" time="0.403"/>
  <system-out/>
  <testcase classname="parkIQ.testCases.TC_LoginTest_001" name="loginTest" time="1.763"/>
  <system-out/>
</testsuite> <!-- parkIQ.testCases.TC_LoginTest_001 -->
