<?xml version="1.0" encoding="UTF-8"?>
<!-- Generated by org.testng.reporters.JUnitReportReporter -->
<testsuite hostname="DESKTOP-C9T0B5A" failures="0" tests="1" name="parkIQ.testCases.TC_LoginTest_001" time="293.914" errors="0" timestamp="31 May 2021 23:46:33 GMT" skipped="0">
  <testcase classname="parkIQ.testCases.TC_LoginTest_001" name="loginTest" time="293.914"/>
</testsuite> <!-- parkIQ.testCases.TC_LoginTest_001 -->
