<?xml version="1.0" encoding="UTF-8"?>
<!-- Generated by org.testng.reporters.JUnitReportReporter -->
<testsuite hostname="DESKTOP-C9T0B5A" failures="0" tests="17" name="parkIQ.testCases.TC_SuperUser_002" time="32.355" errors="0" timestamp="10 Jun 2021 20:40:25 GMT" skipped="0">
  <testcase classname="parkIQ.testCases.TC_SuperUser_002" name="testCreateNewUserLink" time="24.329"/>
  <testcase classname="parkIQ.testCases.TC_SuperUser_002" name="testPageTitleDisplayed" time="0.181"/>
  <testcase classname="parkIQ.testCases.TC_SuperUser_002" name="testFormTitleDisplayed" time="0.088"/>
  <testcase classname="parkIQ.testCases.TC_SuperUser_002" name="testFirstNameFieldDiplayedClickable" time="0.048"/>
  <testcase classname="parkIQ.testCases.TC_SuperUser_002" name="testLastNameFieldDiplayedClickable" time="0.056"/>
  <testcase classname="parkIQ.testCases.TC_SuperUser_002" name="testEmailFieldDiplayedClickable" time="0.049"/>
  <testcase classname="parkIQ.testCases.TC_SuperUser_002" name="testValidEmailAccepted" time="0.247"/>
  <testcase classname="parkIQ.testCases.TC_SuperUser_002" name="testInvalidEmailProducesValidationMessage" time="0.143"/>
  <testcase classname="parkIQ.testCases.TC_SuperUser_002" name="testPhoneFieldDiplayedClickable" time="0.055"/>
  <testcase classname="parkIQ.testCases.TC_SuperUser_002" name="testValidPhoneAccepted" time="0.204"/>
  <testcase classname="parkIQ.testCases.TC_SuperUser_002" name="testInvalidPhoneProducesValidationMessage" time="0.173"/>
  <testcase classname="parkIQ.testCases.TC_SuperUser_002" name="testCancelButtonDiplayedClickable" time="0.081"/>
  <testcase classname="parkIQ.testCases.TC_SuperUser_002" name="testContinueButtonDiplayedClickable" time="3.332"/>
  <testcase classname="parkIQ.testCases.TC_SuperUser_002" name="testContinueButtonBackgroundColour" time="0.025"/>
  <testcase classname="parkIQ.testCases.TC_SuperUser_002" name="testCancelButtonFunctionality" time="0.151"/>
  <testcase classname="parkIQ.testCases.TC_SuperUser_002" name="testContinueButtonIsEnabledWhenFieldsAreFilled" time="3.049"/>
  <testcase classname="parkIQ.testCases.TC_SuperUser_002" name="testContinueButtonFunctionality" time="0.144"/>
</testsuite> <!-- parkIQ.testCases.TC_SuperUser_002 -->
