<?xml version="1.0" encoding="UTF-8"?>
<!-- Generated by org.testng.reporters.JUnitReportReporter -->
<testsuite hostname="DESKTOP-C9T0B5A" failures="0" tests="10" name="parkIQ.testCases.TC_SuperUser_004" time="65.927" errors="0" timestamp="22 Jun 2021 00:03:10 GMT" skipped="0">
  <testcase classname="parkIQ.testCases.TC_SuperUser_004" name="assignRoleAndPermission" time="53.063"/>
  <testcase classname="parkIQ.testCases.TC_SuperUser_004" name="testFormTitle" time="4.987"/>
  <testcase classname="parkIQ.testCases.TC_SuperUser_004" name="testCheckboxes" time="0.145"/>
  <testcase classname="parkIQ.testCases.TC_SuperUser_004" name="testBackButtonClickable" time="0.070"/>
  <testcase classname="parkIQ.testCases.TC_SuperUser_004" name="testBackButtonClickFunctionality" time="0.170"/>
  <testcase classname="parkIQ.testCases.TC_SuperUser_004" name="testCancelButtonClickable" time="0.134"/>
  <testcase classname="parkIQ.testCases.TC_SuperUser_004" name="testCancelButtonClickFunctionality" time="0.110"/>
  <testcase classname="parkIQ.testCases.TC_SuperUser_004" name="testContinueButtonClickable" time="6.669"/>
  <testcase classname="parkIQ.testCases.TC_SuperUser_004" name="testContinueButtonEnabled" time="0.366"/>
  <testcase classname="parkIQ.testCases.TC_SuperUser_004" name="testContinueButtonFunctionality" time="0.213"/>
</testsuite> <!-- parkIQ.testCases.TC_SuperUser_004 -->
