<?xml version="1.0" encoding="UTF-8"?>
<!-- Generated by org.testng.reporters.JUnitReportReporter -->
<testsuite hostname="DESKTOP-C9T0B5A" failures="0" tests="20" name="parkIQ.testCases.TC_SuperUser_005" time="57.319" errors="0" timestamp="22 Jun 2021 21:53:34 GMT" skipped="0">
  <testcase classname="parkIQ.testCases.TC_SuperUser_005" name="setupReviewUser" time="34.131"/>
  <testcase classname="parkIQ.testCases.TC_SuperUser_005" name="testSectionTitlesDisplayed" time="0.157"/>
  <testcase classname="parkIQ.testCases.TC_SuperUser_005" name="testFieldHeadersDisplayed" time="0.187"/>
  <testcase classname="parkIQ.testCases.TC_SuperUser_005" name="testNameReadOnly" time="0.587"/>
  <testcase classname="parkIQ.testCases.TC_SuperUser_005" name="testNameMatch" time="0.029"/>
  <testcase classname="parkIQ.testCases.TC_SuperUser_005" name="testEmailReadOnly" time="0.068"/>
  <testcase classname="parkIQ.testCases.TC_SuperUser_005" name="testEmailMatch" time="0.026"/>
  <testcase classname="parkIQ.testCases.TC_SuperUser_005" name="testPhoneReadOnly" time="0.064"/>
  <testcase classname="parkIQ.testCases.TC_SuperUser_005" name="testPhoneMatch" time="0.033"/>
  <testcase classname="parkIQ.testCases.TC_SuperUser_005" name="testCustomersDiplayed" time="0.398"/>
  <testcase classname="parkIQ.testCases.TC_SuperUser_005" name="testCustomersReadOnly" time="0.957"/>
  <testcase classname="parkIQ.testCases.TC_SuperUser_005" name="testPermissionRolesDisplayed" time="0.115"/>
  <testcase classname="parkIQ.testCases.TC_SuperUser_005" name="testRolesReadOnly" time="0.157"/>
  <testcase classname="parkIQ.testCases.TC_SuperUser_005" name="testBackButtonDisplayedClickable" time="0.047"/>
  <testcase classname="parkIQ.testCases.TC_SuperUser_005" name="testCancelButtonDisplayedClickable" time="0.042"/>
  <testcase classname="parkIQ.testCases.TC_SuperUser_005" name="testCreateNewUserButtonDisplayedClickable" time="0.044"/>
  <testcase classname="parkIQ.testCases.TC_SuperUser_005" name="testVerifyCreateNewUserButtonBackGroundColour" time="0.088"/>
  <testcase classname="parkIQ.testCases.TC_SuperUser_005" name="testBackButtonFunctionality" time="0.156"/>
  <testcase classname="parkIQ.testCases.TC_SuperUser_005" name="testCancelButtonFunctionality" time="0.153"/>
  <testcase classname="parkIQ.testCases.TC_SuperUser_005" name="testCreateNewUserButtonFunctionality" time="19.880"/>
</testsuite> <!-- parkIQ.testCases.TC_SuperUser_005 -->
