<?xml version="1.0" encoding="UTF-8"?>
<!-- Generated by org.testng.reporters.JUnitReportReporter -->
<testsuite hostname="DESKTOP-C9T0B5A" failures="0" tests="4" name="parkIQ.testCases.TC_ForgotPswrd_001" time="61.336" errors="0" timestamp="10 Jun 2021 10:11:12 GMT" skipped="0">
  <testcase classname="parkIQ.testCases.TC_ForgotPswrd_001" name="checkTitle" time="42.994"/>
  <testcase classname="parkIQ.testCases.TC_ForgotPswrd_001" name="resetForgotPassword" time="2.332"/>
  <testcase classname="parkIQ.testCases.TC_ForgotPswrd_001" name="cancelResetPassword" time="9.662"/>
  <testcase classname="parkIQ.testCases.TC_ForgotPswrd_001" name="validateTexts" time="6.348"/>
</testsuite> <!-- parkIQ.testCases.TC_ForgotPswrd_001 -->
