<?xml version="1.0" encoding="UTF-8"?>
<!-- Generated by org.testng.reporters.JUnitReportReporter -->
<testsuite hostname="DESKTOP-C9T0B5A" failures="0" tests="8" name="parkIQ.testCases.TC_SuperUser_001" time="79.587" errors="0" timestamp="21 Jun 2021 23:44:10 GMT" skipped="0">
  <testcase classname="parkIQ.testCases.TC_SuperUser_001" name="setupSuperUserRole" time="63.506"/>
  <testcase classname="parkIQ.testCases.TC_SuperUser_001" name="checkLogo" time="0.059"/>
  <testcase classname="parkIQ.testCases.TC_SuperUser_001" name="checkTitles" time="0.080"/>
  <testcase classname="parkIQ.testCases.TC_SuperUser_001" name="checkSectionHeader" time="15.150"/>
  <testcase classname="parkIQ.testCases.TC_SuperUser_001" name="checkCreateNewUserLink" time="0.152"/>
  <testcase classname="parkIQ.testCases.TC_SuperUser_001" name="searchFunctionality" time="0.052"/>
  <testcase classname="parkIQ.testCases.TC_SuperUser_001" name="sortByDropDown" time="0.377"/>
  <testcase classname="parkIQ.testCases.TC_SuperUser_001" name="testColumns" time="0.211"/>
</testsuite> <!-- parkIQ.testCases.TC_SuperUser_001 -->
