<?xml version="1.0" encoding="UTF-8"?>
<!-- Generated by org.testng.reporters.JUnitReportReporter -->
<testsuite hostname="DESKTOP-C9T0B5A" failures="0" tests="1" name="parkIQ.testCases.TC_SuperUser_002" time="47.371" errors="0" timestamp="07 Jul 2021 10:02:03 GMT" skipped="0">
  <testcase classname="parkIQ.testCases.TC_SuperUser_002" name="testCreateNewUserLink" time="47.371"/>
</testsuite> <!-- parkIQ.testCases.TC_SuperUser_002 -->
