<?xml version="1.0" encoding="UTF-8"?>
<!-- Generated by org.testng.reporters.JUnitReportReporter -->
<testsuite hostname="DESKTOP-C9T0B5A" failures="0" tests="1" name="parkLogIn.testCases.TC_LoginTest_001" time="25.905" errors="0" timestamp="31 May 2021 02:01:25 GMT" skipped="0">
  <testcase classname="parkLogIn.testCases.TC_LoginTest_001" name="loginTest" time="25.905"/>
</testsuite> <!-- parkLogIn.testCases.TC_LoginTest_001 -->
