<?xml version="1.0" encoding="UTF-8"?>
<!-- Generated by org.testng.reporters.JUnitReportReporter -->
<testsuite hostname="DESKTOP-C9T0B5A" failures="0" tests="17" name="parkIQ.testCases.TC_SuperUser_002" time="37.676" errors="0" timestamp="10 Jun 2021 11:55:21 GMT" skipped="0">
  <testcase classname="parkIQ.testCases.TC_SuperUser_002" name="testCreateNewUserLink" time="30.078"/>
  <testcase classname="parkIQ.testCases.TC_SuperUser_002" name="testPageTitleDisplayed" time="0.052"/>
  <testcase classname="parkIQ.testCases.TC_SuperUser_002" name="testFormTitleDisplayed" time="0.062"/>
  <testcase classname="parkIQ.testCases.TC_SuperUser_002" name="testFirstNameFieldDiplayedClickable" time="0.063"/>
  <testcase classname="parkIQ.testCases.TC_SuperUser_002" name="testLastNameFieldDiplayedClickable" time="0.054"/>
  <testcase classname="parkIQ.testCases.TC_SuperUser_002" name="testEmailFieldDiplayedClickable" time="0.043"/>
  <testcase classname="parkIQ.testCases.TC_SuperUser_002" name="testValidEmailAccepted" time="0.253"/>
  <testcase classname="parkIQ.testCases.TC_SuperUser_002" name="testInvalidEmailProducesValidationMessage" time="0.227"/>
  <testcase classname="parkIQ.testCases.TC_SuperUser_002" name="testPhoneFieldDiplayedClickable" time="0.094"/>
  <testcase classname="parkIQ.testCases.TC_SuperUser_002" name="testValidPhoneAccepted" time="0.227"/>
  <testcase classname="parkIQ.testCases.TC_SuperUser_002" name="testInvalidPhoneProducesValidationMessage" time="0.170"/>
  <testcase classname="parkIQ.testCases.TC_SuperUser_002" name="testCancelButtonDiplayedClickable" time="0.049"/>
  <testcase classname="parkIQ.testCases.TC_SuperUser_002" name="testContinueButtonDiplayedClickable" time="3.350"/>
  <testcase classname="parkIQ.testCases.TC_SuperUser_002" name="testContinueButtonBackgroundColour" time="0.023"/>
  <testcase classname="parkIQ.testCases.TC_SuperUser_002" name="testCancelButtonFunctionality" time="0.136"/>
  <testcase classname="parkIQ.testCases.TC_SuperUser_002" name="testContinueButtonIsEnabledWhenFieldsAreFilled" time="2.670"/>
  <testcase classname="parkIQ.testCases.TC_SuperUser_002" name="testContinueButtonFunctionality" time="0.125"/>
</testsuite> <!-- parkIQ.testCases.TC_SuperUser_002 -->
