<?xml version="1.0" encoding="UTF-8"?>
<!-- Generated by org.testng.reporters.JUnitReportReporter -->
<testsuite hostname="DESKTOP-C9T0B5A" failures="0" tests="1" name="parkIQ.testCases.TC_LoginTest_001" time="25.634" errors="0" timestamp="10 Jun 2021 20:30:40 GMT" skipped="0">
  <testcase classname="parkIQ.testCases.TC_LoginTest_001" name="loginTest" time="25.634"/>
</testsuite> <!-- parkIQ.testCases.TC_LoginTest_001 -->
