<?xml version="1.0" encoding="UTF-8"?>
<!-- Generated by org.testng.reporters.JUnitReportReporter -->
<testsuite hostname="DESKTOP-C9T0B5A" failures="0" tests="8" name="parkIQ.testCases.TC_SuperUser_001" time="34.556" errors="0" timestamp="15 Jun 2021 01:14:28 GMT" skipped="0">
  <testcase classname="parkIQ.testCases.TC_SuperUser_001" name="setupSuperUserRole" time="33.773"/>
  <testcase classname="parkIQ.testCases.TC_SuperUser_001" name="checkLogo" time="0.048"/>
  <testcase classname="parkIQ.testCases.TC_SuperUser_001" name="checkTitles" time="0.062"/>
  <testcase classname="parkIQ.testCases.TC_SuperUser_001" name="checkSectionHeader" time="0.060"/>
  <testcase classname="parkIQ.testCases.TC_SuperUser_001" name="checkCreateNewUserLink" time="0.081"/>
  <testcase classname="parkIQ.testCases.TC_SuperUser_001" name="searchFunctionality" time="0.039"/>
  <testcase classname="parkIQ.testCases.TC_SuperUser_001" name="sortByDropDown" time="0.294"/>
  <testcase classname="parkIQ.testCases.TC_SuperUser_001" name="testColumns" time="0.199"/>
</testsuite> <!-- parkIQ.testCases.TC_SuperUser_001 -->
